<?xml version="1.0" encoding="UTF-8"?>
<!-- Generated by org.testng.reporters.JUnitReportReporter -->
<testsuite hostname="Muhammads-MacBook-Pro.local" failures="0" tests="1" name="TransData.PT_Project.SignInSecurityTesting" time="431.326" errors="0" timestamp="2022-11-28T22:29:31 PKT" skipped="0">
  <testcase classname="TransData.PT_Project.SignInSecurityTesting" name="userShouldAbletoSignInWithValidCrendentionals" time="431.326"/>
  <system-out/>
</testsuite> <!-- TransData.PT_Project.SignInSecurityTesting -->
