<?xml version="1.0" encoding="UTF-8"?>
<!-- Generated by org.testng.reporters.JUnitReportReporter -->
<testsuite hostname="Muhammads-MacBook-Pro.local" failures="0" tests="1" name="TransData.PT_Project.SignIn" time="7.490" errors="0" timestamp="2022-11-29T14:37:47 PKT" skipped="0">
  <testcase classname="TransData.PT_Project.SignIn" name="userShouldAbletoSignInWithValidCrendentionals" time="7.490"/>
  <system-out/>
</testsuite> <!-- TransData.PT_Project.SignIn -->
