<?xml version="1.0" encoding="UTF-8"?>
<!-- Generated by org.testng.reporters.JUnitReportReporter -->
<testsuite hostname="Muhammads-MacBook-Pro.local" failures="0" tests="12" name="TransData.PT_Project.Signup" time="762.520" errors="0" timestamp="2022-11-24T18:03:59 PKT" skipped="0">
  <testcase classname="TransData.PT_Project.Signup" name="userShouldAbletoSiginUPwithvalidEmailPassword" time="57.822"/>
  <system-out/>
  <testcase classname="TransData.PT_Project.Signup" name="userShouldnotAbletoSiginUPwithivalidEmail" time="59.515"/>
  <system-out/>
  <testcase classname="TransData.PT_Project.Signup" name="userShouldnotAbletoSiginUPwithivalidPassword" time="75.487"/>
  <system-out/>
  <testcase classname="TransData.PT_Project.Signup" name="userShouldnotAbletoSiginUPwithNumberInFirstName" time="63.444"/>
  <system-out/>
  <testcase classname="TransData.PT_Project.Signup" name="userShouldnotAbletoSiginUPwithNumberLasttName" time="60.564"/>
  <system-out/>
  <testcase classname="TransData.PT_Project.Signup" name="userShouldnotAbletoSiginUPifPasswordFieldIsdifferent" time="59.078"/>
  <system-out/>
  <testcase classname="TransData.PT_Project.Signup" name="userShouldnotAbletoSiginUPifFirstNameFieldIsEmpty" time="51.722"/>
  <system-out/>
  <testcase classname="TransData.PT_Project.Signup" name="userShouldnotAbletoSiginUPifFirstFieldIsEmpty" time="73.186"/>
  <system-out/>
  <testcase classname="TransData.PT_Project.Signup" name="userShouldnotAbletoSiginUPifEmailFieldIsEmpty" time="61.613"/>
  <system-out/>
  <testcase classname="TransData.PT_Project.Signup" name="userShouldnotAbletoSiginUPifPasswordFieldIsEmpty" time="58.432"/>
  <system-out/>
  <testcase classname="TransData.PT_Project.Signup" name="userShouldnotAbletoSiginUPifConfirmPasswordFieldIsEmpty" time="74.649"/>
  <system-out/>
  <testcase classname="TransData.PT_Project.Signup" name="userShouldnotAbletoSiginUPwithAlreadyRegisreEmail" time="67.008"/>
  <system-out/>
</testsuite> <!-- TransData.PT_Project.Signup -->
